2015-11-10 15:26:56 10fc InnoDB: Warning: Using innodb_additional_mem_pool_size is DEPRECATED. This option may be removed in future releases, together with the option innodb_use_sys_malloc and with the InnoDB's internal memory allocator.
2015-11-10 15:26:56 4348 [Note] InnoDB: Using mutexes to ref count buffer pool pages
2015-11-10 15:26:56 4348 [Note] InnoDB: The InnoDB memory heap is disabled
2015-11-10 15:26:56 4348 [Note] InnoDB: Mutexes and rw_locks use Windows interlocked functions
2015-11-10 15:26:56 4348 [Note] InnoDB: Memory barrier is not used
2015-11-10 15:26:56 4348 [Note] InnoDB: Compressed tables use zlib 1.2.3
2015-11-10 15:26:56 4348 [Note] InnoDB: Not using CPU crc32 instructions
2015-11-10 15:26:56 4348 [Note] InnoDB: Initializing buffer pool, size = 16.0M
2015-11-10 15:26:56 4348 [Note] InnoDB: Completed initialization of buffer pool
2015-11-10 15:26:56 4348 [Note] InnoDB: Highest supported file format is Barracuda.
2015-11-10 15:26:57 4348 [Note] InnoDB: 128 rollback segment(s) are active.
2015-11-10 15:26:57 4348 [Note] InnoDB: Waiting for purge to start
2015-11-10 15:26:57 4348 [Note] InnoDB:  Percona XtraDB (http://www.percona.com) 5.6.26-74.0 started; log sequence number 1835027
2015-11-10 15:26:57 6140 [Note] InnoDB: Dumping buffer pool(s) not yet started
2015-11-10 15:26:57 4348 [Note] Plugin 'FEEDBACK' is disabled.
2015-11-10 15:26:57 4348 [Note] Server socket created on IP: '::'.
2015-11-10 15:26:57 4348 [Note] Event Scheduler: Loaded 0 events
2015-11-10 15:26:57 4348 [Note] C:\xampp\mysql\bin\mysqld.exe: ready for connections.
Version: '10.1.8-MariaDB'  socket: ''  port: 3306  mariadb.org binary distribution
2015-11-10 15:27:11 5152 [Note] C:\xampp\mysql\bin\mysqld.exe: Normal shutdown

2015-11-10 15:27:11 5152 [Note] Event Scheduler: Purging the queue. 0 events
2015-11-10 15:27:11 5732 [Note] InnoDB: FTS optimize thread exiting.
2015-11-10 15:27:11 5152 [Note] InnoDB: Starting shutdown...
2015-11-10 15:27:13 5152 [Note] InnoDB: Shutdown completed; log sequence number 1835037
2015-11-10 15:27:13 5152 [Note] C:\xampp\mysql\bin\mysqld.exe: Shutdown complete

2018-06-06 12:09:55 1520 InnoDB: Warning: Using innodb_additional_mem_pool_size is DEPRECATED. This option may be removed in future releases, together with the option innodb_use_sys_malloc and with the InnoDB's internal memory allocator.
2018-06-06 12:09:55 5408 [Note] InnoDB: innodb_empty_free_list_algorithm has been changed to legacy because of small buffer pool size. In order to use backoff, increase buffer pool at least up to 20MB.

2018-06-06 12:09:55 5408 [Note] InnoDB: Using mutexes to ref count buffer pool pages
2018-06-06 12:09:55 5408 [Note] InnoDB: The InnoDB memory heap is disabled
2018-06-06 12:09:55 5408 [Note] InnoDB: Mutexes and rw_locks use Windows interlocked functions
2018-06-06 12:09:55 5408 [Note] InnoDB: _mm_lfence() and _mm_sfence() are used for memory barrier
2018-06-06 12:09:55 5408 [Note] InnoDB: Compressed tables use zlib 1.2.3
2018-06-06 12:09:55 5408 [Note] InnoDB: Using generic crc32 instructions
2018-06-06 12:09:55 5408 [Note] InnoDB: Initializing buffer pool, size = 16.0M
2018-06-06 12:09:55 5408 [Note] InnoDB: Completed initialization of buffer pool
2018-06-06 12:09:55 5408 [Note] InnoDB: Highest supported file format is Barracuda.
2018-06-06 12:09:56 5408 [Note] InnoDB: 128 rollback segment(s) are active.
2018-06-06 12:09:56 5408 [Note] InnoDB: Waiting for purge to start
2018-06-06 12:09:56 5408 [Note] InnoDB:  Percona XtraDB (http://www.percona.com) 5.6.38-83.0 started; log sequence number 1835037
2018-06-06 12:09:56 11456 [Note] InnoDB: Dumping buffer pool(s) not yet started
2018-06-06 12:09:56 5408 [Note] Plugin 'FEEDBACK' is disabled.
2018-06-06 12:09:56 5408 [Note] Server socket created on IP: '::'.
2018-06-06 12:09:56 5408 [Note] c:\xampp\mysql\bin\mysqld.exe: ready for connections.
Version: '10.1.32-MariaDB'  socket: ''  port: 3306  mariadb.org binary distribution
2018-06-06 16:08:56 960 InnoDB: Warning: Using innodb_additional_mem_pool_size is DEPRECATED. This option may be removed in future releases, together with the option innodb_use_sys_malloc and with the InnoDB's internal memory allocator.
2018-06-06 16:08:56 2400 [Note] InnoDB: innodb_empty_free_list_algorithm has been changed to legacy because of small buffer pool size. In order to use backoff, increase buffer pool at least up to 20MB.

2018-06-06 16:08:56 2400 [Note] InnoDB: Using mutexes to ref count buffer pool pages
2018-06-06 16:08:56 2400 [Note] InnoDB: The InnoDB memory heap is disabled
2018-06-06 16:08:56 2400 [Note] InnoDB: Mutexes and rw_locks use Windows interlocked functions
2018-06-06 16:08:56 2400 [Note] InnoDB: _mm_lfence() and _mm_sfence() are used for memory barrier
2018-06-06 16:08:56 2400 [Note] InnoDB: Compressed tables use zlib 1.2.3
2018-06-06 16:08:56 2400 [Note] InnoDB: Using generic crc32 instructions
2018-06-06 16:08:56 2400 [Note] InnoDB: Initializing buffer pool, size = 16.0M
2018-06-06 16:08:56 2400 [Note] InnoDB: Completed initialization of buffer pool
2018-06-06 16:08:58 2400 [Note] InnoDB: Highest supported file format is Barracuda.
2018-06-06 16:08:58 2400 [Note] InnoDB: The log sequence number 1835037 in ibdata file do not match the log sequence number 1835047 in the ib_logfiles!
2018-06-06 16:08:58 2400 [Note] InnoDB: Restoring possible half-written data pages from the doublewrite buffer...
2018-06-06 16:08:59 2400 [Note] InnoDB: 128 rollback segment(s) are active.
2018-06-06 16:08:59 2400 [Note] InnoDB: Waiting for purge to start
2018-06-06 16:08:59 2400 [Note] InnoDB:  Percona XtraDB (http://www.percona.com) 5.6.38-83.0 started; log sequence number 1835047
2018-06-06 16:08:59 12356 [Note] InnoDB: Dumping buffer pool(s) not yet started
2018-06-06 16:08:59 2400 [Note] Plugin 'FEEDBACK' is disabled.
2018-06-06 16:08:59 2400 [Note] Server socket created on IP: '::'.
2018-06-06 16:08:59 2400 [Note] c:\xampp\mysql\bin\mysqld.exe: ready for connections.
Version: '10.1.32-MariaDB'  socket: ''  port: 3306  mariadb.org binary distribution
2018-06-06 16:32:05 e64 InnoDB: Warning: Using innodb_additional_mem_pool_size is DEPRECATED. This option may be removed in future releases, together with the option innodb_use_sys_malloc and with the InnoDB's internal memory allocator.
2018-06-06 16:32:05 3684 [Note] InnoDB: innodb_empty_free_list_algorithm has been changed to legacy because of small buffer pool size. In order to use backoff, increase buffer pool at least up to 20MB.

2018-06-06 16:32:05 3684 [Note] InnoDB: Using mutexes to ref count buffer pool pages
2018-06-06 16:32:05 3684 [Note] InnoDB: The InnoDB memory heap is disabled
2018-06-06 16:32:05 3684 [Note] InnoDB: Mutexes and rw_locks use Windows interlocked functions
2018-06-06 16:32:05 3684 [Note] InnoDB: _mm_lfence() and _mm_sfence() are used for memory barrier
2018-06-06 16:32:05 3684 [Note] InnoDB: Compressed tables use zlib 1.2.3
2018-06-06 16:32:05 3684 [Note] InnoDB: Using generic crc32 instructions
2018-06-06 16:32:05 3684 [Note] InnoDB: Initializing buffer pool, size = 16.0M
2018-06-06 16:32:05 3684 [Note] InnoDB: Completed initialization of buffer pool
2018-06-06 16:32:06 3684 [Note] InnoDB: Highest supported file format is Barracuda.
2018-06-06 16:32:06 3684 [Note] InnoDB: The log sequence number 1835037 in ibdata file do not match the log sequence number 1835451 in the ib_logfiles!
2018-06-06 16:32:06 3684 [Note] InnoDB: Restoring possible half-written data pages from the doublewrite buffer...
2018-06-06 16:32:07 3684 [Note] InnoDB: 128 rollback segment(s) are active.
2018-06-06 16:32:07 3684 [Note] InnoDB: Waiting for purge to start
2018-06-06 16:32:07 3684 [Note] InnoDB:  Percona XtraDB (http://www.percona.com) 5.6.38-83.0 started; log sequence number 1835451
2018-06-06 16:32:07 10196 [Note] InnoDB: Dumping buffer pool(s) not yet started
2018-06-06 16:32:07 3684 [Note] Plugin 'FEEDBACK' is disabled.
2018-06-06 16:32:07 3684 [Note] Server socket created on IP: '::'.
2018-06-06 16:32:07 3684 [Note] c:\xampp\mysql\bin\mysqld.exe: ready for connections.
Version: '10.1.32-MariaDB'  socket: ''  port: 3306  mariadb.org binary distribution
